{"numFailedTestSuites":0,"numFailedTests":0,"numPassedTestSuites":17,"numPassedTests":118,"numPendingTestSuites":0,"numPendingTests":0,"numRuntimeErrorTestSuites":0,"numTodoTests":0,"numTotalTestSuites":17,"numTotalTests":118,"openHandles":[],"snapshot":{"added":0,"didUpdate":false,"failure":false,"filesAdded":0,"filesRemoved":0,"filesRemovedList":[],"filesUnmatched":0,"filesUpdated":0,"matched":0,"total":0,"unchecked":0,"uncheckedKeysByFile":[],"unmatched":0,"updated":0},"startTime":1764066835639,"success":true,"testResults":[{"assertionResults":[{"ancestorTitles":["Auth Endpoints","POST /api/auth/register"],"duration":743,"failureDetails":[],"failureMessages":[],"fullName":"Auth Endpoints POST /api/auth/register should register a new user and return a token","invocations":1,"location":null,"numPassingAsserts":3,"retryReasons":[],"status":"passed","title":"should register a new user and return a token"},{"ancestorTitles":["Auth Endpoints","POST /api/auth/register"],"duration":466,"failureDetails":[],"failureMessages":[],"fullName":"Auth Endpoints POST /api/auth/register should not register a user with a duplicate email","invocations":1,"location":null,"numPassingAsserts":2,"retryReasons":[],"status":"passed","title":"should not register a user with a duplicate email"},{"ancestorTitles":["Auth Endpoints","POST /api/auth/register"],"duration":19,"failureDetails":[],"failureMessages":[],"fullName":"Auth Endpoints POST /api/auth/register should return a validation error for an invalid email","invocations":1,"location":null,"numPassingAsserts":1,"retryReasons":[],"status":"passed","title":"should return a validation error for an invalid email"},{"ancestorTitles":["Auth Endpoints","POST /api/auth/register"],"duration":16,"failureDetails":[],"failureMessages":[],"fullName":"Auth Endpoints POST /api/auth/register should return a validation error for a short password","invocations":1,"location":null,"numPassingAsserts":1,"retryReasons":[],"status":"passed","title":"should return a validation error for a short password"},{"ancestorTitles":["Auth Endpoints","POST /api/auth/login"],"duration":820,"failureDetails":[],"failureMessages":[],"fullName":"Auth Endpoints POST /api/auth/login should log in a user and return a token","invocations":1,"location":null,"numPassingAsserts":3,"retryReasons":[],"status":"passed","title":"should log in a user and return a token"},{"ancestorTitles":["Auth Endpoints","POST /api/auth/login"],"duration":828,"failureDetails":[],"failureMessages":[],"fullName":"Auth Endpoints POST /api/auth/login should not log in a user with incorrect credentials","invocations":1,"location":null,"numPassingAsserts":2,"retryReasons":[],"status":"passed","title":"should not log in a user with incorrect credentials"}],"endTime":1764066841854,"message":"","name":"/home/kzer00/Documents/tradeZella/backend/src/index.test.js","startTime":1764066836515,"status":"passed","summary":""},{"assertionResults":[{"ancestorTitles":["Auth API","POST /api/auth/login"],"duration":609,"failureDetails":[],"failureMessages":[],"fullName":"Auth API POST /api/auth/login should login successfully with valid credentials","invocations":1,"location":null,"numPassingAsserts":4,"retryReasons":[],"status":"passed","title":"should login successfully with valid credentials"},{"ancestorTitles":["Auth API","POST /api/auth/login"],"duration":375,"failureDetails":[],"failureMessages":[],"fullName":"Auth API POST /api/auth/login should return 401 with invalid credentials","invocations":1,"location":null,"numPassingAsserts":2,"retryReasons":[],"status":"passed","title":"should return 401 with invalid credentials"},{"ancestorTitles":["Auth API","POST /api/auth/login"],"duration":12,"failureDetails":[],"failureMessages":[],"fullName":"Auth API POST /api/auth/login should return 422 with missing credentials","invocations":1,"location":null,"numPassingAsserts":0,"retryReasons":[],"status":"passed","title":"should return 422 with missing credentials"},{"ancestorTitles":["Auth API","POST /api/auth/register"],"duration":436,"failureDetails":[],"failureMessages":[],"fullName":"Auth API POST /api/auth/register should register a new user successfully","invocations":1,"location":null,"numPassingAsserts":4,"retryReasons":[],"status":"passed","title":"should register a new user successfully"},{"ancestorTitles":["Auth API","POST /api/auth/register"],"duration":14,"failureDetails":[],"failureMessages":[],"fullName":"Auth API POST /api/auth/register should return 400 when email is already registered","invocations":1,"location":null,"numPassingAsserts":2,"retryReasons":[],"status":"passed","title":"should return 400 when email is already registered"}],"endTime":1764066844523,"message":"","name":"/home/kzer00/Documents/tradeZella/backend/__tests__/integration/auth.integration.test.js","startTime":1764066841931,"status":"passed","summary":""},{"assertionResults":[{"ancestorTitles":["Forum API","GET /api/community/categories"],"duration":43,"failureDetails":[],"failureMessages":[],"fullName":"Forum API GET /api/community/categories should return all categories","invocations":1,"location":null,"numPassingAsserts":2,"retryReasons":[],"status":"passed","title":"should return all categories"},{"ancestorTitles":["Forum API","POST /api/community/categories"],"duration":142,"failureDetails":[],"failureMessages":[],"fullName":"Forum API POST /api/community/categories should create a new category as admin","invocations":1,"location":null,"numPassingAsserts":3,"retryReasons":[],"status":"passed","title":"should create a new category as admin"},{"ancestorTitles":["Forum API","POST /api/community/categories"],"duration":22,"failureDetails":[],"failureMessages":[],"fullName":"Forum API POST /api/community/categories should return 403 when creating category as regular user","invocations":1,"location":null,"numPassingAsserts":0,"retryReasons":[],"status":"passed","title":"should return 403 when creating category as regular user"},{"ancestorTitles":["Forum API","POST /api/community/threads"],"duration":29,"failureDetails":[],"failureMessages":[],"fullName":"Forum API POST /api/community/threads should create a new thread with valid data","invocations":1,"location":null,"numPassingAsserts":5,"retryReasons":[],"status":"passed","title":"should create a new thread with valid data"},{"ancestorTitles":["Forum API","POST /api/community/threads"],"duration":13,"failureDetails":[],"failureMessages":[],"fullName":"Forum API POST /api/community/threads should return 401 without authentication","invocations":1,"location":null,"numPassingAsserts":0,"retryReasons":[],"status":"passed","title":"should return 401 without authentication"},{"ancestorTitles":["Forum API","GET /api/community/threads"],"duration":20,"failureDetails":[],"failureMessages":[],"fullName":"Forum API GET /api/community/threads should return threads","invocations":1,"location":null,"numPassingAsserts":2,"retryReasons":[],"status":"passed","title":"should return threads"}],"endTime":1764066846327,"message":"","name":"/home/kzer00/Documents/tradeZella/backend/__tests__/integration/forum.integration.test.js","startTime":1764066844540,"status":"passed","summary":""},{"assertionResults":[{"ancestorTitles":["Auth E2E","User Registration and Login Flow"],"duration":881,"failureDetails":[],"failureMessages":[],"fullName":"Auth E2E User Registration and Login Flow should register a new user and then login successfully","invocations":1,"location":null,"numPassingAsserts":8,"retryReasons":[],"status":"passed","title":"should register a new user and then login successfully"}],"endTime":1764066847872,"message":"","name":"/home/kzer00/Documents/tradeZella/backend/__tests__/e2e/auth.e2e.test.js","startTime":1764066846381,"status":"passed","summary":""},{"assertionResults":[{"ancestorTitles":["Trades API","POST /api/trades"],"duration":67,"failureDetails":[],"failureMessages":[],"fullName":"Trades API POST /api/trades should create a new trade with valid data","invocations":1,"location":null,"numPassingAsserts":6,"retryReasons":[],"status":"passed","title":"should create a new trade with valid data"},{"ancestorTitles":["Trades API","POST /api/trades"],"duration":13,"failureDetails":[],"failureMessages":[],"fullName":"Trades API POST /api/trades should return 401 without authentication","invocations":1,"location":null,"numPassingAsserts":0,"retryReasons":[],"status":"passed","title":"should return 401 without authentication"},{"ancestorTitles":["Trades API","POST /api/trades"],"duration":22,"failureDetails":[],"failureMessages":[],"fullName":"Trades API POST /api/trades should return 422 with missing required fields","invocations":1,"location":null,"numPassingAsserts":1,"retryReasons":[],"status":"passed","title":"should return 422 with missing required fields"},{"ancestorTitles":["Trades API","GET /api/trades"],"duration":57,"failureDetails":[],"failureMessages":[],"fullName":"Trades API GET /api/trades should return user trades","invocations":1,"location":null,"numPassingAsserts":5,"retryReasons":[],"status":"passed","title":"should return user trades"},{"ancestorTitles":["Trades API","GET /api/trades"],"duration":13,"failureDetails":[],"failureMessages":[],"fullName":"Trades API GET /api/trades should return 401 without authentication","invocations":1,"location":null,"numPassingAsserts":0,"retryReasons":[],"status":"passed","title":"should return 401 without authentication"}],"endTime":1764066849095,"message":"","name":"/home/kzer00/Documents/tradeZella/backend/__tests__/integration/trades.integration.test.js","startTime":1764066847890,"status":"passed","summary":""},{"assertionResults":[{"ancestorTitles":["Trades API","POST /api/trades"],"duration":163,"failureDetails":[],"failureMessages":[],"fullName":"Trades API POST /api/trades should create a new trade for the authenticated user","invocations":1,"location":null,"numPassingAsserts":4,"retryReasons":[],"status":"passed","title":"should create a new trade for the authenticated user"},{"ancestorTitles":["Trades API","POST /api/trades"],"duration":35,"failureDetails":[],"failureMessages":[],"fullName":"Trades API POST /api/trades should return 401 for unauthenticated request","invocations":1,"location":null,"numPassingAsserts":1,"retryReasons":[],"status":"passed","title":"should return 401 for unauthenticated request"},{"ancestorTitles":["Trades API","POST /api/trades"],"duration":39,"failureDetails":[],"failureMessages":[],"fullName":"Trades API POST /api/trades should return 422 for invalid trade data","invocations":1,"location":null,"numPassingAsserts":1,"retryReasons":[],"status":"passed","title":"should return 422 for invalid trade data"},{"ancestorTitles":["Trades API","GET /api/trades"],"duration":64,"failureDetails":[],"failureMessages":[],"fullName":"Trades API GET /api/trades should get all trades for the user","invocations":1,"location":null,"numPassingAsserts":4,"retryReasons":[],"status":"passed","title":"should get all trades for the user"},{"ancestorTitles":["Trades API","PUT /api/trades/:id"],"duration":60,"failureDetails":[],"failureMessages":[],"fullName":"Trades API PUT /api/trades/:id should update a trade","invocations":1,"location":null,"numPassingAsserts":2,"retryReasons":[],"status":"passed","title":"should update a trade"},{"ancestorTitles":["Trades API","PUT /api/trades/:id"],"duration":37,"failureDetails":[],"failureMessages":[],"fullName":"Trades API PUT /api/trades/:id should not update a trade of another user","invocations":1,"location":null,"numPassingAsserts":1,"retryReasons":[],"status":"passed","title":"should not update a trade of another user"},{"ancestorTitles":["Trades API","DELETE /api/trades/:id"],"duration":53,"failureDetails":[],"failureMessages":[],"fullName":"Trades API DELETE /api/trades/:id should delete a trade","invocations":1,"location":null,"numPassingAsserts":2,"retryReasons":[],"status":"passed","title":"should delete a trade"}],"endTime":1764066850239,"message":"","name":"/home/kzer00/Documents/tradeZella/backend/src/routes/trades.routes.test.js","startTime":1764066849187,"status":"passed","summary":""},{"assertionResults":[{"ancestorTitles":["TradeService"],"duration":137,"failureDetails":[],"failureMessages":[],"fullName":"TradeService should create a new trade","invocations":1,"location":null,"numPassingAsserts":4,"retryReasons":[],"status":"passed","title":"should create a new trade"},{"ancestorTitles":["TradeService"],"duration":22,"failureDetails":[],"failureMessages":[],"fullName":"TradeService should get all trades for a user","invocations":1,"location":null,"numPassingAsserts":1,"retryReasons":[],"status":"passed","title":"should get all trades for a user"},{"ancestorTitles":["TradeService"],"duration":42,"failureDetails":[],"failureMessages":[],"fullName":"TradeService should get a trade by id","invocations":1,"location":null,"numPassingAsserts":2,"retryReasons":[],"status":"passed","title":"should get a trade by id"},{"ancestorTitles":["TradeService"],"duration":15,"failureDetails":[],"failureMessages":[],"fullName":"TradeService should not get a trade belonging to another user","invocations":1,"location":null,"numPassingAsserts":1,"retryReasons":[],"status":"passed","title":"should not get a trade belonging to another user"},{"ancestorTitles":["TradeService"],"duration":47,"failureDetails":[],"failureMessages":[],"fullName":"TradeService should update a trade with partial data","invocations":1,"location":null,"numPassingAsserts":6,"retryReasons":[],"status":"passed","title":"should update a trade with partial data"},{"ancestorTitles":["TradeService"],"duration":12,"failureDetails":[],"failureMessages":[],"fullName":"TradeService should delete a trade","invocations":1,"location":null,"numPassingAsserts":2,"retryReasons":[],"status":"passed","title":"should delete a trade"}],"endTime":1764066850754,"message":"","name":"/home/kzer00/Documents/tradeZella/backend/src/services/trade.service.test.js","startTime":1764066850336,"status":"passed","summary":""},{"assertionResults":[{"ancestorTitles":["ThreadService","createThread"],"duration":6,"failureDetails":[],"failureMessages":[],"fullName":"ThreadService createThread should create a new thread when valid data is provided","invocations":1,"location":null,"numPassingAsserts":2,"retryReasons":[],"status":"passed","title":"should create a new thread when valid data is provided"},{"ancestorTitles":["ThreadService","createThread"],"duration":31,"failureDetails":[],"failureMessages":[],"fullName":"ThreadService createThread should throw an error when required fields are missing","invocations":1,"location":null,"numPassingAsserts":1,"retryReasons":[],"status":"passed","title":"should throw an error when required fields are missing"},{"ancestorTitles":["ThreadService","getAllThreads"],"duration":2,"failureDetails":[],"failureMessages":[],"fullName":"ThreadService getAllThreads should return all threads with filters","invocations":1,"location":null,"numPassingAsserts":2,"retryReasons":[],"status":"passed","title":"should return all threads with filters"},{"ancestorTitles":["ThreadService","getThreadById"],"duration":3,"failureDetails":[],"failureMessages":[],"fullName":"ThreadService getThreadById should return a thread with its posts and tags","invocations":1,"location":null,"numPassingAsserts":4,"retryReasons":[],"status":"passed","title":"should return a thread with its posts and tags"},{"ancestorTitles":["ThreadService","getThreadById"],"duration":2,"failureDetails":[],"failureMessages":[],"fullName":"ThreadService getThreadById should throw an error when thread is not found","invocations":1,"location":null,"numPassingAsserts":1,"retryReasons":[],"status":"passed","title":"should throw an error when thread is not found"},{"ancestorTitles":["ThreadService","updateThread"],"duration":3,"failureDetails":[],"failureMessages":[],"fullName":"ThreadService updateThread should update a thread when it exists","invocations":1,"location":null,"numPassingAsserts":3,"retryReasons":[],"status":"passed","title":"should update a thread when it exists"},{"ancestorTitles":["ThreadService","updateThread"],"duration":2,"failureDetails":[],"failureMessages":[],"fullName":"ThreadService updateThread should throw an error when thread does not exist","invocations":1,"location":null,"numPassingAsserts":1,"retryReasons":[],"status":"passed","title":"should throw an error when thread does not exist"},{"ancestorTitles":["ThreadService","incrementViewCount"],"duration":3,"failureDetails":[],"failureMessages":[],"fullName":"ThreadService incrementViewCount should increment view count when thread exists","invocations":1,"location":null,"numPassingAsserts":3,"retryReasons":[],"status":"passed","title":"should increment view count when thread exists"},{"ancestorTitles":["ThreadService","incrementViewCount"],"duration":3,"failureDetails":[],"failureMessages":[],"fullName":"ThreadService incrementViewCount should throw an error when thread does not exist","invocations":1,"location":null,"numPassingAsserts":1,"retryReasons":[],"status":"passed","title":"should throw an error when thread does not exist"},{"ancestorTitles":["ThreadService","deleteThread"],"duration":3,"failureDetails":[],"failureMessages":[],"fullName":"ThreadService deleteThread should delete a thread when it exists","invocations":1,"location":null,"numPassingAsserts":3,"retryReasons":[],"status":"passed","title":"should delete a thread when it exists"},{"ancestorTitles":["ThreadService","deleteThread"],"duration":3,"failureDetails":[],"failureMessages":[],"fullName":"ThreadService deleteThread should throw an error when thread does not exist","invocations":1,"location":null,"numPassingAsserts":1,"retryReasons":[],"status":"passed","title":"should throw an error when thread does not exist"}],"endTime":1764066851011,"message":"","name":"/home/kzer00/Documents/tradeZella/backend/__tests__/unit/services/thread.service.test.js","startTime":1764066850771,"status":"passed","summary":""},{"assertionResults":[{"ancestorTitles":["AuthService","register"],"duration":3,"failureDetails":[],"failureMessages":[],"fullName":"AuthService register should register a new user and return a token","invocations":1,"location":null,"numPassingAsserts":1,"retryReasons":[],"status":"passed","title":"should register a new user and return a token"},{"ancestorTitles":["AuthService","register"],"duration":23,"failureDetails":[],"failureMessages":[],"fullName":"AuthService register should throw an error if the user already exists","invocations":1,"location":null,"numPassingAsserts":1,"retryReasons":[],"status":"passed","title":"should throw an error if the user already exists"},{"ancestorTitles":["AuthService","login"],"duration":1,"failureDetails":[],"failureMessages":[],"fullName":"AuthService login should log in a user and return a token","invocations":1,"location":null,"numPassingAsserts":1,"retryReasons":[],"status":"passed","title":"should log in a user and return a token"},{"ancestorTitles":["AuthService","login"],"duration":2,"failureDetails":[],"failureMessages":[],"fullName":"AuthService login should throw an error for invalid credentials","invocations":1,"location":null,"numPassingAsserts":1,"retryReasons":[],"status":"passed","title":"should throw an error for invalid credentials"},{"ancestorTitles":["AuthService","login"],"duration":2,"failureDetails":[],"failureMessages":[],"fullName":"AuthService login should throw an error for an incorrect password","invocations":1,"location":null,"numPassingAsserts":1,"retryReasons":[],"status":"passed","title":"should throw an error for an incorrect password"}],"endTime":1764066851263,"message":"","name":"/home/kzer00/Documents/tradeZella/backend/src/services/auth.service.test.js","startTime":1764066851030,"status":"passed","summary":""},{"assertionResults":[{"ancestorTitles":["CategoryService","createCategory"],"duration":17,"failureDetails":[],"failureMessages":[],"fullName":"CategoryService createCategory should create a new category when valid data is provided","invocations":1,"location":null,"numPassingAsserts":3,"retryReasons":[],"status":"passed","title":"should create a new category when valid data is provided"},{"ancestorTitles":["CategoryService","createCategory"],"duration":36,"failureDetails":[],"failureMessages":[],"fullName":"CategoryService createCategory should throw an error when name is missing","invocations":1,"location":null,"numPassingAsserts":1,"retryReasons":[],"status":"passed","title":"should throw an error when name is missing"},{"ancestorTitles":["CategoryService","createCategory"],"duration":2,"failureDetails":[],"failureMessages":[],"fullName":"CategoryService createCategory should throw an error when slug is missing","invocations":1,"location":null,"numPassingAsserts":1,"retryReasons":[],"status":"passed","title":"should throw an error when slug is missing"},{"ancestorTitles":["CategoryService","createCategory"],"duration":2,"failureDetails":[],"failureMessages":[],"fullName":"CategoryService createCategory should throw an error when category with slug already exists","invocations":1,"location":null,"numPassingAsserts":1,"retryReasons":[],"status":"passed","title":"should throw an error when category with slug already exists"},{"ancestorTitles":["CategoryService","getAllCategories"],"duration":3,"failureDetails":[],"failureMessages":[],"fullName":"CategoryService getAllCategories should return all categories","invocations":1,"location":null,"numPassingAsserts":2,"retryReasons":[],"status":"passed","title":"should return all categories"},{"ancestorTitles":["CategoryService","getCategoryBySlug"],"duration":2,"failureDetails":[],"failureMessages":[],"fullName":"CategoryService getCategoryBySlug should return a category by slug","invocations":1,"location":null,"numPassingAsserts":2,"retryReasons":[],"status":"passed","title":"should return a category by slug"},{"ancestorTitles":["CategoryService","getCategoryById"],"duration":1,"failureDetails":[],"failureMessages":[],"fullName":"CategoryService getCategoryById should return a category by id","invocations":1,"location":null,"numPassingAsserts":2,"retryReasons":[],"status":"passed","title":"should return a category by id"},{"ancestorTitles":["CategoryService","updateCategory"],"duration":3,"failureDetails":[],"failureMessages":[],"fullName":"CategoryService updateCategory should update a category when it exists","invocations":1,"location":null,"numPassingAsserts":4,"retryReasons":[],"status":"passed","title":"should update a category when it exists"},{"ancestorTitles":["CategoryService","updateCategory"],"duration":2,"failureDetails":[],"failureMessages":[],"fullName":"CategoryService updateCategory should throw an error when category does not exist","invocations":1,"location":null,"numPassingAsserts":1,"retryReasons":[],"status":"passed","title":"should throw an error when category does not exist"},{"ancestorTitles":["CategoryService","updateCategory"],"duration":1,"failureDetails":[],"failureMessages":[],"fullName":"CategoryService updateCategory should throw an error when updating to an existing slug","invocations":1,"location":null,"numPassingAsserts":1,"retryReasons":[],"status":"passed","title":"should throw an error when updating to an existing slug"},{"ancestorTitles":["CategoryService","deleteCategory"],"duration":2,"failureDetails":[],"failureMessages":[],"fullName":"CategoryService deleteCategory should delete a category when it exists","invocations":1,"location":null,"numPassingAsserts":3,"retryReasons":[],"status":"passed","title":"should delete a category when it exists"},{"ancestorTitles":["CategoryService","deleteCategory"],"duration":2,"failureDetails":[],"failureMessages":[],"fullName":"CategoryService deleteCategory should throw an error when category does not exist","invocations":1,"location":null,"numPassingAsserts":1,"retryReasons":[],"status":"passed","title":"should throw an error when category does not exist"}],"endTime":1764066851467,"message":"","name":"/home/kzer00/Documents/tradeZella/backend/__tests__/unit/services/category.service.test.js","startTime":1764066851278,"status":"passed","summary":""},{"assertionResults":[{"ancestorTitles":["PostService","createPost"],"duration":4,"failureDetails":[],"failureMessages":[],"fullName":"PostService createPost should create a new post when valid data is provided","invocations":1,"location":null,"numPassingAsserts":2,"retryReasons":[],"status":"passed","title":"should create a new post when valid data is provided"},{"ancestorTitles":["PostService","createPost"],"duration":29,"failureDetails":[],"failureMessages":[],"fullName":"PostService createPost should throw an error when required fields are missing","invocations":1,"location":null,"numPassingAsserts":1,"retryReasons":[],"status":"passed","title":"should throw an error when required fields are missing"},{"ancestorTitles":["PostService","getPostsByThreadId"],"duration":2,"failureDetails":[],"failureMessages":[],"fullName":"PostService getPostsByThreadId should return all posts for a thread","invocations":1,"location":null,"numPassingAsserts":2,"retryReasons":[],"status":"passed","title":"should return all posts for a thread"},{"ancestorTitles":["PostService","getPostById"],"duration":11,"failureDetails":[],"failureMessages":[],"fullName":"PostService getPostById should return a post by id","invocations":1,"location":null,"numPassingAsserts":2,"retryReasons":[],"status":"passed","title":"should return a post by id"},{"ancestorTitles":["PostService","getPostById"],"duration":2,"failureDetails":[],"failureMessages":[],"fullName":"PostService getPostById should throw an error when post is not found","invocations":1,"location":null,"numPassingAsserts":1,"retryReasons":[],"status":"passed","title":"should throw an error when post is not found"},{"ancestorTitles":["PostService","updatePost"],"duration":3,"failureDetails":[],"failureMessages":[],"fullName":"PostService updatePost should update a post when it exists","invocations":1,"location":null,"numPassingAsserts":3,"retryReasons":[],"status":"passed","title":"should update a post when it exists"},{"ancestorTitles":["PostService","updatePost"],"duration":2,"failureDetails":[],"failureMessages":[],"fullName":"PostService updatePost should throw an error when post does not exist","invocations":1,"location":null,"numPassingAsserts":1,"retryReasons":[],"status":"passed","title":"should throw an error when post does not exist"},{"ancestorTitles":["PostService","updatePost"],"duration":2,"failureDetails":[],"failureMessages":[],"fullName":"PostService updatePost should throw an error when content is missing","invocations":1,"location":null,"numPassingAsserts":1,"retryReasons":[],"status":"passed","title":"should throw an error when content is missing"},{"ancestorTitles":["PostService","deletePost"],"duration":3,"failureDetails":[],"failureMessages":[],"fullName":"PostService deletePost should delete a post when it exists","invocations":1,"location":null,"numPassingAsserts":3,"retryReasons":[],"status":"passed","title":"should delete a post when it exists"},{"ancestorTitles":["PostService","deletePost"],"duration":3,"failureDetails":[],"failureMessages":[],"fullName":"PostService deletePost should throw an error when post does not exist","invocations":1,"location":null,"numPassingAsserts":1,"retryReasons":[],"status":"passed","title":"should throw an error when post does not exist"},{"ancestorTitles":["PostService","markAsBestAnswer"],"duration":4,"failureDetails":[],"failureMessages":[],"fullName":"PostService markAsBestAnswer should mark a post as best answer when it exists","invocations":1,"location":null,"numPassingAsserts":3,"retryReasons":[],"status":"passed","title":"should mark a post as best answer when it exists"},{"ancestorTitles":["PostService","markAsBestAnswer"],"duration":2,"failureDetails":[],"failureMessages":[],"fullName":"PostService markAsBestAnswer should throw an error when post does not exist","invocations":1,"location":null,"numPassingAsserts":1,"retryReasons":[],"status":"passed","title":"should throw an error when post does not exist"}],"endTime":1764066851670,"message":"","name":"/home/kzer00/Documents/tradeZella/backend/__tests__/unit/services/post.service.test.js","startTime":1764066851479,"status":"passed","summary":""},{"assertionResults":[{"ancestorTitles":["TagService","createTag"],"duration":4,"failureDetails":[],"failureMessages":[],"fullName":"TagService createTag should create a new tag when valid data is provided","invocations":1,"location":null,"numPassingAsserts":3,"retryReasons":[],"status":"passed","title":"should create a new tag when valid data is provided"},{"ancestorTitles":["TagService","createTag"],"duration":27,"failureDetails":[],"failureMessages":[],"fullName":"TagService createTag should throw an error when name is missing","invocations":1,"location":null,"numPassingAsserts":1,"retryReasons":[],"status":"passed","title":"should throw an error when name is missing"},{"ancestorTitles":["TagService","createTag"],"duration":3,"failureDetails":[],"failureMessages":[],"fullName":"TagService createTag should throw an error when slug is missing","invocations":1,"location":null,"numPassingAsserts":1,"retryReasons":[],"status":"passed","title":"should throw an error when slug is missing"},{"ancestorTitles":["TagService","createTag"],"duration":1,"failureDetails":[],"failureMessages":[],"fullName":"TagService createTag should throw an error when tag with slug already exists","invocations":1,"location":null,"numPassingAsserts":1,"retryReasons":[],"status":"passed","title":"should throw an error when tag with slug already exists"},{"ancestorTitles":["TagService","getAllTags"],"duration":2,"failureDetails":[],"failureMessages":[],"fullName":"TagService getAllTags should return all tags","invocations":1,"location":null,"numPassingAsserts":2,"retryReasons":[],"status":"passed","title":"should return all tags"},{"ancestorTitles":["TagService","getTagBySlug"],"duration":2,"failureDetails":[],"failureMessages":[],"fullName":"TagService getTagBySlug should return a tag by slug","invocations":1,"location":null,"numPassingAsserts":2,"retryReasons":[],"status":"passed","title":"should return a tag by slug"},{"ancestorTitles":["TagService","getTagsByThreadId"],"duration":2,"failureDetails":[],"failureMessages":[],"fullName":"TagService getTagsByThreadId should return all tags for a thread","invocations":1,"location":null,"numPassingAsserts":2,"retryReasons":[],"status":"passed","title":"should return all tags for a thread"},{"ancestorTitles":["TagService","addTagToThread"],"duration":2,"failureDetails":[],"failureMessages":[],"fullName":"TagService addTagToThread should add a tag to a thread","invocations":1,"location":null,"numPassingAsserts":2,"retryReasons":[],"status":"passed","title":"should add a tag to a thread"},{"ancestorTitles":["TagService","removeTagFromThread"],"duration":2,"failureDetails":[],"failureMessages":[],"fullName":"TagService removeTagFromThread should remove a tag from a thread","invocations":1,"location":null,"numPassingAsserts":2,"retryReasons":[],"status":"passed","title":"should remove a tag from a thread"}],"endTime":1764066851854,"message":"","name":"/home/kzer00/Documents/tradeZella/backend/__tests__/unit/services/tag.service.test.js","startTime":1764066851688,"status":"passed","summary":""},{"assertionResults":[{"ancestorTitles":["PostModel","create"],"duration":8,"failureDetails":[],"failureMessages":[],"fullName":"PostModel create should create a new post and increment reply count","invocations":1,"location":null,"numPassingAsserts":5,"retryReasons":[],"status":"passed","title":"should create a new post and increment reply count"},{"ancestorTitles":["PostModel","findByThreadId"],"duration":4,"failureDetails":[],"failureMessages":[],"fullName":"PostModel findByThreadId should return all posts for a thread ordered by creation time","invocations":1,"location":null,"numPassingAsserts":4,"retryReasons":[],"status":"passed","title":"should return all posts for a thread ordered by creation time"},{"ancestorTitles":["PostModel","findById"],"duration":3,"failureDetails":[],"failureMessages":[],"fullName":"PostModel findById should return a post by id with author info","invocations":1,"location":null,"numPassingAsserts":4,"retryReasons":[],"status":"passed","title":"should return a post by id with author info"},{"ancestorTitles":["PostModel","update"],"duration":3,"failureDetails":[],"failureMessages":[],"fullName":"PostModel update should update a post content","invocations":1,"location":null,"numPassingAsserts":4,"retryReasons":[],"status":"passed","title":"should update a post content"},{"ancestorTitles":["PostModel","delete"],"duration":5,"failureDetails":[],"failureMessages":[],"fullName":"PostModel delete should delete a post and decrement reply count","invocations":1,"location":null,"numPassingAsserts":8,"retryReasons":[],"status":"passed","title":"should delete a post and decrement reply count"},{"ancestorTitles":["PostModel","markAsBestAnswer"],"duration":5,"failureDetails":[],"failureMessages":[],"fullName":"PostModel markAsBestAnswer should mark a post as best answer and unmark others","invocations":1,"location":null,"numPassingAsserts":9,"retryReasons":[],"status":"passed","title":"should mark a post as best answer and unmark others"}],"endTime":1764066852018,"message":"","name":"/home/kzer00/Documents/tradeZella/backend/__tests__/unit/models/post.model.test.js","startTime":1764066851881,"status":"passed","summary":""},{"assertionResults":[{"ancestorTitles":["UserModel","create"],"duration":6,"failureDetails":[],"failureMessages":[],"fullName":"UserModel create should create a new user with hashed password","invocations":1,"location":null,"numPassingAsserts":5,"retryReasons":[],"status":"passed","title":"should create a new user with hashed password"},{"ancestorTitles":["UserModel","create"],"duration":4,"failureDetails":[],"failureMessages":[],"fullName":"UserModel create should create a user without password when using OAuth","invocations":1,"location":null,"numPassingAsserts":5,"retryReasons":[],"status":"passed","title":"should create a user without password when using OAuth"},{"ancestorTitles":["UserModel","findByEmail"],"duration":3,"failureDetails":[],"failureMessages":[],"fullName":"UserModel findByEmail should return a user by email","invocations":1,"location":null,"numPassingAsserts":4,"retryReasons":[],"status":"passed","title":"should return a user by email"},{"ancestorTitles":["UserModel","findByEmail"],"duration":2,"failureDetails":[],"failureMessages":[],"fullName":"UserModel findByEmail should return undefined when user is not found","invocations":1,"location":null,"numPassingAsserts":4,"retryReasons":[],"status":"passed","title":"should return undefined when user is not found"},{"ancestorTitles":["UserModel","findById"],"duration":3,"failureDetails":[],"failureMessages":[],"fullName":"UserModel findById should return a user by id","invocations":1,"location":null,"numPassingAsserts":4,"retryReasons":[],"status":"passed","title":"should return a user by id"},{"ancestorTitles":["UserModel","updateResetToken"],"duration":4,"failureDetails":[],"failureMessages":[],"fullName":"UserModel updateResetToken should update password reset token and expiration","invocations":1,"location":null,"numPassingAsserts":4,"retryReasons":[],"status":"passed","title":"should update password reset token and expiration"},{"ancestorTitles":["UserModel","findByResetToken"],"duration":4,"failureDetails":[],"failureMessages":[],"fullName":"UserModel findByResetToken should return a user by reset token","invocations":1,"location":null,"numPassingAsserts":4,"retryReasons":[],"status":"passed","title":"should return a user by reset token"},{"ancestorTitles":["UserModel","updatePassword"],"duration":3,"failureDetails":[],"failureMessages":[],"fullName":"UserModel updatePassword should update user password and clear reset token","invocations":1,"location":null,"numPassingAsserts":5,"retryReasons":[],"status":"passed","title":"should update user password and clear reset token"}],"endTime":1764066852174,"message":"","name":"/home/kzer00/Documents/tradeZella/backend/__tests__/unit/models/user.model.test.js","startTime":1764066852030,"status":"passed","summary":""},{"assertionResults":[{"ancestorTitles":["TagModel","create"],"duration":5,"failureDetails":[],"failureMessages":[],"fullName":"TagModel create should create a new tag","invocations":1,"location":null,"numPassingAsserts":4,"retryReasons":[],"status":"passed","title":"should create a new tag"},{"ancestorTitles":["TagModel","findAll"],"duration":2,"failureDetails":[],"failureMessages":[],"fullName":"TagModel findAll should return all tags ordered by usage count","invocations":1,"location":null,"numPassingAsserts":4,"retryReasons":[],"status":"passed","title":"should return all tags ordered by usage count"},{"ancestorTitles":["TagModel","findBySlug"],"duration":3,"failureDetails":[],"failureMessages":[],"fullName":"TagModel findBySlug should return a tag by slug","invocations":1,"location":null,"numPassingAsserts":4,"retryReasons":[],"status":"passed","title":"should return a tag by slug"},{"ancestorTitles":["TagModel","findByThreadId"],"duration":3,"failureDetails":[],"failureMessages":[],"fullName":"TagModel findByThreadId should return all tags for a thread","invocations":1,"location":null,"numPassingAsserts":4,"retryReasons":[],"status":"passed","title":"should return all tags for a thread"},{"ancestorTitles":["TagModel","addTagToThread"],"duration":4,"failureDetails":[],"failureMessages":[],"fullName":"TagModel addTagToThread should associate a tag with a thread and increment usage count","invocations":1,"location":null,"numPassingAsserts":5,"retryReasons":[],"status":"passed","title":"should associate a tag with a thread and increment usage count"},{"ancestorTitles":["TagModel","removeTagFromThread"],"duration":4,"failureDetails":[],"failureMessages":[],"fullName":"TagModel removeTagFromThread should remove tag association from thread and decrement usage count","invocations":1,"location":null,"numPassingAsserts":5,"retryReasons":[],"status":"passed","title":"should remove tag association from thread and decrement usage count"}],"endTime":1764066852324,"message":"","name":"/home/kzer00/Documents/tradeZella/backend/__tests__/unit/models/tag.model.test.js","startTime":1764066852188,"status":"passed","summary":""},{"assertionResults":[{"ancestorTitles":["CategoryModel","create"],"duration":5,"failureDetails":[],"failureMessages":[],"fullName":"CategoryModel create should create a new category","invocations":1,"location":null,"numPassingAsserts":4,"retryReasons":[],"status":"passed","title":"should create a new category"},{"ancestorTitles":["CategoryModel","findAll"],"duration":3,"failureDetails":[],"failureMessages":[],"fullName":"CategoryModel findAll should return all categories ordered by display_order","invocations":1,"location":null,"numPassingAsserts":4,"retryReasons":[],"status":"passed","title":"should return all categories ordered by display_order"},{"ancestorTitles":["CategoryModel","findBySlug"],"duration":3,"failureDetails":[],"failureMessages":[],"fullName":"CategoryModel findBySlug should return a category by slug","invocations":1,"location":null,"numPassingAsserts":4,"retryReasons":[],"status":"passed","title":"should return a category by slug"},{"ancestorTitles":["CategoryModel","findById"],"duration":3,"failureDetails":[],"failureMessages":[],"fullName":"CategoryModel findById should return a category by id","invocations":1,"location":null,"numPassingAsserts":4,"retryReasons":[],"status":"passed","title":"should return a category by id"},{"ancestorTitles":["CategoryModel","update"],"duration":3,"failureDetails":[],"failureMessages":[],"fullName":"CategoryModel update should update a category","invocations":1,"location":null,"numPassingAsserts":4,"retryReasons":[],"status":"passed","title":"should update a category"},{"ancestorTitles":["CategoryModel","delete"],"duration":3,"failureDetails":[],"failureMessages":[],"fullName":"CategoryModel delete should delete a category","invocations":1,"location":null,"numPassingAsserts":4,"retryReasons":[],"status":"passed","title":"should delete a category"}],"endTime":1764066852468,"message":"","name":"/home/kzer00/Documents/tradeZella/backend/__tests__/unit/models/category.model.test.js","startTime":1764066852337,"status":"passed","summary":""},{"assertionResults":[{"ancestorTitles":["ThreadModel","create"],"duration":8,"failureDetails":[],"failureMessages":[],"fullName":"ThreadModel create should create a new thread","invocations":1,"location":null,"numPassingAsserts":4,"retryReasons":[],"status":"passed","title":"should create a new thread"},{"ancestorTitles":["ThreadModel","findAll"],"duration":4,"failureDetails":[],"failureMessages":[],"fullName":"ThreadModel findAll should return all threads with default query","invocations":1,"location":null,"numPassingAsserts":4,"retryReasons":[],"status":"passed","title":"should return all threads with default query"},{"ancestorTitles":["ThreadModel","findAll"],"duration":4,"failureDetails":[],"failureMessages":[],"fullName":"ThreadModel findAll should apply filters when provided","invocations":1,"location":null,"numPassingAsserts":4,"retryReasons":[],"status":"passed","title":"should apply filters when provided"},{"ancestorTitles":["ThreadModel","findById"],"duration":4,"failureDetails":[],"failureMessages":[],"fullName":"ThreadModel findById should return a thread by id with author and category info","invocations":1,"location":null,"numPassingAsserts":4,"retryReasons":[],"status":"passed","title":"should return a thread by id with author and category info"},{"ancestorTitles":["ThreadModel","update"],"duration":4,"failureDetails":[],"failureMessages":[],"fullName":"ThreadModel update should update a thread","invocations":1,"location":null,"numPassingAsserts":4,"retryReasons":[],"status":"passed","title":"should update a thread"},{"ancestorTitles":["ThreadModel","incrementViewCount"],"duration":4,"failureDetails":[],"failureMessages":[],"fullName":"ThreadModel incrementViewCount should increment the view count and update last activity","invocations":1,"location":null,"numPassingAsserts":4,"retryReasons":[],"status":"passed","title":"should increment the view count and update last activity"},{"ancestorTitles":["ThreadModel","delete"],"duration":4,"failureDetails":[],"failureMessages":[],"fullName":"ThreadModel delete should delete a thread","invocations":1,"location":null,"numPassingAsserts":4,"retryReasons":[],"status":"passed","title":"should delete a thread"}],"endTime":1764066852643,"message":"","name":"/home/kzer00/Documents/tradeZella/backend/__tests__/unit/models/thread.model.test.js","startTime":1764066852490,"status":"passed","summary":""}],"wasInterrupted":false}
